2025-02-13 05:25:23,792 - INFO - Starting market data collection for 2025-02-13
2025-02-13 05:25:23,793 - INFO - Fetching NASDAQ-100 constituents...
2025-02-13 05:25:23,968 - ERROR - Error fetching NASDAQ-100 tickers: 'Ticker'
2025-02-13 05:25:23,968 - ERROR - Fatal error in main execution: 'Ticker'
2025-02-13 05:26:52,409 - INFO - Starting market data collection for 2025-02-13
2025-02-13 05:26:52,409 - INFO - Fetching NASDAQ-100 constituents from Wikipedia...
2025-02-13 05:26:52,586 - INFO - Successfully retrieved 101 tickers from table 4
2025-02-13 05:26:52,586 - INFO - Starting to fetch daily performance data...
2025-02-13 05:26:53,305 - INFO - Successfully processed ADBE
2025-02-13 05:26:53,584 - INFO - Successfully processed AMD
2025-02-13 05:26:53,992 - INFO - Successfully processed ABNB
2025-02-13 05:26:54,325 - INFO - Successfully processed GOOGL
2025-02-13 05:26:54,586 - INFO - Successfully processed GOOG
2025-02-13 05:26:54,910 - INFO - Successfully processed AMZN
2025-02-13 05:26:55,395 - INFO - Successfully processed AEP
2025-02-13 05:26:55,687 - INFO - Successfully processed AMGN
2025-02-13 05:26:56,010 - INFO - Successfully processed ADI
2025-02-13 05:26:56,273 - INFO - Successfully processed ANSS
2025-02-13 05:26:56,667 - INFO - Successfully processed AAPL
2025-02-13 05:26:57,003 - INFO - Successfully processed AMAT
2025-02-13 05:26:57,268 - INFO - Successfully processed APP
2025-02-13 05:26:57,535 - INFO - Successfully processed ARM
2025-02-13 05:26:57,826 - INFO - Successfully processed ASML
2025-02-13 05:26:58,156 - INFO - Successfully processed AZN
2025-02-13 05:26:58,541 - INFO - Successfully processed TEAM
2025-02-13 05:26:58,851 - INFO - Successfully processed ADSK
2025-02-13 05:26:59,223 - INFO - Successfully processed ADP
2025-02-13 05:26:59,487 - INFO - Successfully processed AXON
2025-02-13 05:26:59,843 - INFO - Successfully processed BKR
2025-02-13 05:27:00,107 - INFO - Successfully processed BIIB
2025-02-13 05:27:00,407 - INFO - Successfully processed BKNG
2025-02-13 05:27:00,763 - INFO - Successfully processed AVGO
2025-02-13 05:27:01,091 - INFO - Successfully processed CDNS
2025-02-13 05:27:01,368 - INFO - Successfully processed CDW
2025-02-13 05:27:01,691 - INFO - Successfully processed CHTR
2025-02-13 05:27:02,133 - INFO - Successfully processed CTAS
2025-02-13 05:27:02,439 - INFO - Successfully processed CSCO
2025-02-13 05:27:02,825 - INFO - Successfully processed CCEP
2025-02-13 05:27:03,108 - INFO - Successfully processed CTSH
2025-02-13 05:27:03,473 - INFO - Successfully processed CMCSA
2025-02-13 05:27:03,807 - INFO - Successfully processed CEG
2025-02-13 05:27:04,068 - INFO - Successfully processed CPRT
2025-02-13 05:27:04,403 - INFO - Successfully processed CSGP
2025-02-13 05:27:04,717 - INFO - Successfully processed COST
2025-02-13 05:27:04,973 - INFO - Successfully processed CRWD
2025-02-13 05:27:05,410 - INFO - Successfully processed CSX
2025-02-13 05:27:05,783 - INFO - Successfully processed DDOG
2025-02-13 05:27:06,047 - INFO - Successfully processed DXCM
2025-02-13 05:27:06,328 - INFO - Successfully processed FANG
2025-02-13 05:27:06,649 - INFO - Successfully processed DASH
2025-02-13 05:27:06,922 - INFO - Successfully processed EA
2025-02-13 05:27:07,321 - INFO - Successfully processed EXC
2025-02-13 05:27:07,706 - INFO - Successfully processed FAST
2025-02-13 05:27:07,962 - INFO - Successfully processed FTNT
2025-02-13 05:27:08,292 - INFO - Successfully processed GEHC
2025-02-13 05:27:08,594 - INFO - Successfully processed GILD
2025-02-13 05:27:08,887 - INFO - Successfully processed GFS
2025-02-13 05:27:09,299 - INFO - Successfully processed HON
2025-02-13 05:27:09,643 - INFO - Successfully processed IDXX
2025-02-13 05:27:10,146 - INFO - Successfully processed INTC
2025-02-13 05:27:10,446 - INFO - Successfully processed INTU
2025-02-13 05:27:10,717 - INFO - Successfully processed ISRG
2025-02-13 05:27:11,032 - INFO - Successfully processed KDP
2025-02-13 05:27:11,412 - INFO - Successfully processed KLAC
2025-02-13 05:27:11,703 - INFO - Successfully processed KHC
2025-02-13 05:27:12,118 - INFO - Successfully processed LRCX
2025-02-13 05:27:12,576 - INFO - Successfully processed LIN
2025-02-13 05:27:12,851 - INFO - Successfully processed LULU
2025-02-13 05:27:13,261 - INFO - Successfully processed MAR
2025-02-13 05:27:13,556 - INFO - Successfully processed MRVL
2025-02-13 05:27:13,824 - INFO - Successfully processed MELI
2025-02-13 05:27:14,095 - INFO - Successfully processed META
2025-02-13 05:27:14,527 - INFO - Successfully processed MCHP
2025-02-13 05:27:14,910 - INFO - Successfully processed MU
2025-02-13 05:27:15,358 - INFO - Successfully processed MSFT
2025-02-13 05:27:15,684 - INFO - Successfully processed MSTR
2025-02-13 05:27:16,005 - INFO - Successfully processed MDLZ
2025-02-13 05:27:16,277 - INFO - Successfully processed MDB
2025-02-13 05:27:16,605 - INFO - Successfully processed MNST
2025-02-13 05:27:16,867 - INFO - Successfully processed NFLX
2025-02-13 05:27:17,227 - INFO - Successfully processed NVDA
2025-02-13 05:27:17,511 - INFO - Successfully processed NXPI
2025-02-13 05:27:17,834 - INFO - Successfully processed ORLY
2025-02-13 05:27:18,111 - INFO - Successfully processed ODFL
2025-02-13 05:27:18,369 - INFO - Successfully processed ON
2025-02-13 05:27:18,779 - INFO - Successfully processed PCAR
2025-02-13 05:27:19,037 - INFO - Successfully processed PLTR
2025-02-13 05:27:19,358 - INFO - Successfully processed PANW
2025-02-13 05:27:19,772 - INFO - Successfully processed PAYX
2025-02-13 05:27:20,039 - INFO - Successfully processed PYPL
2025-02-13 05:27:20,358 - INFO - Successfully processed PDD
2025-02-13 05:27:20,746 - INFO - Successfully processed PEP
2025-02-13 05:27:21,064 - INFO - Successfully processed QCOM
2025-02-13 05:27:21,378 - INFO - Successfully processed REGN
2025-02-13 05:27:21,718 - INFO - Successfully processed ROP
2025-02-13 05:27:22,037 - INFO - Successfully processed ROST
2025-02-13 05:27:22,355 - INFO - Successfully processed SBUX
2025-02-13 05:27:22,620 - INFO - Successfully processed SNPS
2025-02-13 05:27:22,933 - INFO - Successfully processed TTWO
2025-02-13 05:27:23,212 - INFO - Successfully processed TMUS
2025-02-13 05:27:23,486 - INFO - Successfully processed TSLA
2025-02-13 05:27:23,926 - INFO - Successfully processed TXN
2025-02-13 05:27:24,474 - INFO - Successfully processed TTD
2025-02-13 05:27:24,818 - INFO - Successfully processed VRSK
2025-02-13 05:27:25,079 - INFO - Successfully processed VRTX
2025-02-13 05:27:25,349 - INFO - Successfully processed WBD
2025-02-13 05:27:25,606 - INFO - Successfully processed WDAY
2025-02-13 05:27:26,040 - INFO - Successfully processed XEL
2025-02-13 05:27:26,304 - INFO - Successfully processed ZS
2025-02-13 05:27:26,305 - INFO - Completed processing 101 out of 101 tickers
2025-02-13 05:27:26,306 - INFO - Extracted top 5 and bottom 5 movers
2025-02-13 05:27:26,308 - INFO - Successfully completed market data collection
2025-02-13 05:46:42,284 - INFO - Starting market data collection for 2025-02-13
2025-02-13 05:46:42,296 - INFO - Fetching NASDAQ-100 constituents from Wikipedia...
2025-02-13 05:46:42,547 - INFO - Successfully retrieved 101 tickers from table 4
2025-02-13 05:46:42,548 - INFO - Starting to fetch daily performance data...
2025-02-13 05:46:42,996 - ERROR - Error calculating technical indicators: unsupported operand type(s) for -: 'float' and 'NoneType'
2025-02-13 05:46:43,288 - INFO - Successfully processed ADBE
2025-02-13 05:46:43,680 - ERROR - Error calculating technical indicators: unsupported operand type(s) for -: 'float' and 'NoneType'
2025-02-13 05:46:43,787 - INFO - Successfully processed AMD
2025-02-13 05:46:44,125 - ERROR - Error calculating technical indicators: unsupported operand type(s) for -: 'float' and 'NoneType'
2025-02-13 05:46:44,556 - INFO - Successfully processed ABNB
2025-02-13 05:46:44,879 - ERROR - Error calculating technical indicators: unsupported operand type(s) for -: 'float' and 'NoneType'
2025-02-13 05:46:45,104 - INFO - Successfully processed GOOGL
2025-02-13 05:46:45,482 - ERROR - Error calculating technical indicators: unsupported operand type(s) for -: 'float' and 'NoneType'
2025-02-13 05:46:45,586 - INFO - Successfully processed GOOG
2025-02-13 05:46:45,917 - ERROR - Error calculating technical indicators: unsupported operand type(s) for -: 'float' and 'NoneType'
2025-02-13 05:46:46,046 - INFO - Successfully processed AMZN
2025-02-13 05:46:46,475 - ERROR - Error calculating technical indicators: unsupported operand type(s) for -: 'float' and 'NoneType'
2025-02-13 05:46:46,865 - INFO - Successfully processed AEP
2025-02-13 05:46:47,186 - ERROR - Error calculating technical indicators: unsupported operand type(s) for -: 'float' and 'NoneType'
2025-02-13 05:46:47,446 - INFO - Successfully processed AMGN
2025-02-13 05:46:47,852 - ERROR - Error calculating technical indicators: unsupported operand type(s) for -: 'float' and 'NoneType'
2025-02-13 05:46:48,010 - INFO - Successfully processed ADI
2025-02-13 05:46:48,311 - ERROR - Error calculating technical indicators: unsupported operand type(s) for -: 'float' and 'NoneType'
2025-02-13 05:46:48,531 - INFO - Successfully processed ANSS
2025-02-13 05:46:48,881 - ERROR - Error calculating technical indicators: unsupported operand type(s) for -: 'float' and 'NoneType'
2025-02-13 05:46:48,995 - INFO - Successfully processed AAPL
2025-02-13 05:46:49,382 - ERROR - Error calculating technical indicators: unsupported operand type(s) for -: 'float' and 'NoneType'
2025-02-13 05:46:49,472 - INFO - Successfully processed AMAT
2025-02-13 05:46:49,779 - ERROR - Error calculating technical indicators: unsupported operand type(s) for -: 'float' and 'NoneType'
2025-02-13 05:46:49,931 - INFO - Successfully processed APP
2025-02-13 05:46:50,235 - ERROR - Error calculating technical indicators: unsupported operand type(s) for -: 'float' and 'NoneType'
2025-02-13 05:46:50,343 - INFO - Successfully processed ARM
2025-02-13 05:46:50,708 - ERROR - Error calculating technical indicators: unsupported operand type(s) for -: 'float' and 'NoneType'
2025-02-13 05:46:50,795 - INFO - Successfully processed ASML
2025-02-13 05:46:51,147 - ERROR - Error calculating technical indicators: unsupported operand type(s) for -: 'float' and 'NoneType'
2025-02-13 05:46:51,443 - INFO - Successfully processed AZN
2025-02-13 05:46:51,758 - ERROR - Error calculating technical indicators: unsupported operand type(s) for -: 'float' and 'NoneType'
2025-02-13 05:46:51,853 - INFO - Successfully processed TEAM
2025-02-13 05:46:52,167 - ERROR - Error calculating technical indicators: unsupported operand type(s) for -: 'float' and 'NoneType'
2025-02-13 05:46:52,255 - INFO - Successfully processed ADSK
2025-02-13 05:46:52,613 - ERROR - Error calculating technical indicators: unsupported operand type(s) for -: 'float' and 'NoneType'
2025-02-13 05:46:52,701 - INFO - Successfully processed ADP
2025-02-13 05:46:53,000 - ERROR - Error calculating technical indicators: unsupported operand type(s) for -: 'float' and 'NoneType'
2025-02-13 05:46:53,064 - INFO - Successfully processed AXON
2025-02-13 05:46:53,407 - ERROR - Error calculating technical indicators: unsupported operand type(s) for -: 'float' and 'NoneType'
2025-02-13 05:46:53,674 - INFO - Successfully processed BKR
2025-02-13 05:46:53,977 - ERROR - Error calculating technical indicators: unsupported operand type(s) for -: 'float' and 'NoneType'
2025-02-13 05:46:54,196 - INFO - Successfully processed BIIB
2025-02-13 05:46:54,562 - ERROR - Error calculating technical indicators: unsupported operand type(s) for -: 'float' and 'NoneType'
2025-02-13 05:46:54,796 - INFO - Successfully processed BKNG
2025-02-13 05:46:55,118 - ERROR - Error calculating technical indicators: unsupported operand type(s) for -: 'float' and 'NoneType'
2025-02-13 05:46:55,296 - INFO - Successfully processed AVGO
2025-02-13 05:46:55,604 - ERROR - Error calculating technical indicators: unsupported operand type(s) for -: 'float' and 'NoneType'
2025-02-13 05:46:55,808 - INFO - Successfully processed CDNS
2025-02-13 05:46:56,126 - ERROR - Error calculating technical indicators: unsupported operand type(s) for -: 'float' and 'NoneType'
2025-02-13 05:46:56,218 - INFO - Successfully processed CDW
2025-02-13 05:46:56,533 - ERROR - Error calculating technical indicators: unsupported operand type(s) for -: 'float' and 'NoneType'
2025-02-13 05:46:56,747 - INFO - Successfully processed CHTR
2025-02-13 05:46:57,083 - ERROR - Error calculating technical indicators: unsupported operand type(s) for -: 'float' and 'NoneType'
2025-02-13 05:46:57,143 - INFO - Successfully processed CTAS
2025-02-13 05:46:57,472 - ERROR - Error calculating technical indicators: unsupported operand type(s) for -: 'float' and 'NoneType'
2025-02-13 05:46:57,560 - INFO - Successfully processed CSCO
2025-02-13 05:46:57,936 - ERROR - Error calculating technical indicators: unsupported operand type(s) for -: 'float' and 'NoneType'
2025-02-13 05:46:58,217 - INFO - Successfully processed CCEP
2025-02-13 05:46:58,530 - ERROR - Error calculating technical indicators: unsupported operand type(s) for -: 'float' and 'NoneType'
2025-02-13 05:46:58,622 - INFO - Successfully processed CTSH
2025-02-13 05:46:58,966 - ERROR - Error calculating technical indicators: unsupported operand type(s) for -: 'float' and 'NoneType'
2025-02-13 05:46:59,055 - INFO - Successfully processed CMCSA
2025-02-13 05:46:59,352 - ERROR - Error calculating technical indicators: unsupported operand type(s) for -: 'float' and 'NoneType'
2025-02-13 05:46:59,411 - ERROR - Error fetching earnings info: list index out of range
2025-02-13 05:46:59,514 - INFO - Successfully processed CEG
2025-02-13 05:46:59,840 - ERROR - Error calculating technical indicators: unsupported operand type(s) for -: 'float' and 'NoneType'
2025-02-13 05:46:59,906 - INFO - Successfully processed CPRT
2025-02-13 05:47:00,206 - ERROR - Error calculating technical indicators: unsupported operand type(s) for -: 'float' and 'NoneType'
2025-02-13 05:47:00,627 - INFO - Successfully processed CSGP
2025-02-13 05:47:01,022 - ERROR - Error calculating technical indicators: unsupported operand type(s) for -: 'float' and 'NoneType'
2025-02-13 05:47:01,113 - INFO - Successfully processed COST
2025-02-13 05:47:01,429 - ERROR - Error calculating technical indicators: unsupported operand type(s) for -: 'float' and 'NoneType'
2025-02-13 05:47:01,517 - INFO - Successfully processed CRWD
2025-02-13 05:47:01,870 - ERROR - Error calculating technical indicators: unsupported operand type(s) for -: 'float' and 'NoneType'
2025-02-13 05:47:01,931 - INFO - Successfully processed CSX
2025-02-13 05:47:02,237 - ERROR - Error calculating technical indicators: unsupported operand type(s) for -: 'float' and 'NoneType'
2025-02-13 05:47:02,328 - INFO - Successfully processed DDOG
2025-02-13 05:47:02,626 - ERROR - Error calculating technical indicators: unsupported operand type(s) for -: 'float' and 'NoneType'
2025-02-13 05:47:02,915 - INFO - Successfully processed DXCM
2025-02-13 05:47:03,225 - ERROR - Error calculating technical indicators: unsupported operand type(s) for -: 'float' and 'NoneType'
2025-02-13 05:47:03,442 - INFO - Successfully processed FANG
2025-02-13 05:47:03,776 - ERROR - Error calculating technical indicators: unsupported operand type(s) for -: 'float' and 'NoneType'
2025-02-13 05:47:03,996 - INFO - Successfully processed DASH
2025-02-13 05:47:04,314 - ERROR - Error calculating technical indicators: unsupported operand type(s) for -: 'float' and 'NoneType'
2025-02-13 05:47:04,406 - INFO - Successfully processed EA
2025-02-13 05:47:04,825 - ERROR - Error calculating technical indicators: unsupported operand type(s) for -: 'float' and 'NoneType'
2025-02-13 05:47:04,914 - INFO - Successfully processed EXC
2025-02-13 05:47:05,282 - ERROR - Error calculating technical indicators: unsupported operand type(s) for -: 'float' and 'NoneType'
2025-02-13 05:47:05,345 - INFO - Successfully processed FAST
2025-02-13 05:47:05,641 - ERROR - Error calculating technical indicators: unsupported operand type(s) for -: 'float' and 'NoneType'
2025-02-13 05:47:05,783 - INFO - Successfully processed FTNT
2025-02-13 05:47:06,092 - ERROR - Error calculating technical indicators: unsupported operand type(s) for -: 'float' and 'NoneType'
2025-02-13 05:47:06,329 - INFO - Successfully processed GEHC
2025-02-13 05:47:06,730 - ERROR - Error calculating technical indicators: unsupported operand type(s) for -: 'float' and 'NoneType'
2025-02-13 05:47:06,941 - INFO - Successfully processed GILD
2025-02-13 05:47:07,246 - ERROR - Error calculating technical indicators: unsupported operand type(s) for -: 'float' and 'NoneType'
2025-02-13 05:47:07,604 - INFO - Successfully processed GFS
2025-02-13 05:47:07,986 - ERROR - Error calculating technical indicators: unsupported operand type(s) for -: 'float' and 'NoneType'
2025-02-13 05:47:08,050 - INFO - Successfully processed HON
2025-02-13 05:47:08,379 - ERROR - Error calculating technical indicators: unsupported operand type(s) for -: 'float' and 'NoneType'
2025-02-13 05:47:08,469 - INFO - Successfully processed IDXX
2025-02-13 05:47:08,814 - ERROR - Error calculating technical indicators: unsupported operand type(s) for -: 'float' and 'NoneType'
2025-02-13 05:47:09,115 - INFO - Successfully processed INTC
2025-02-13 05:47:09,561 - ERROR - Error calculating technical indicators: unsupported operand type(s) for -: 'float' and 'NoneType'
2025-02-13 05:47:09,664 - INFO - Successfully processed INTU
2025-02-13 05:47:09,962 - ERROR - Error calculating technical indicators: unsupported operand type(s) for -: 'float' and 'NoneType'
2025-02-13 05:47:10,052 - INFO - Successfully processed ISRG
2025-02-13 05:47:10,391 - ERROR - Error calculating technical indicators: unsupported operand type(s) for -: 'float' and 'NoneType'
2025-02-13 05:47:10,563 - INFO - Successfully processed KDP
2025-02-13 05:47:10,951 - ERROR - Error calculating technical indicators: unsupported operand type(s) for -: 'float' and 'NoneType'
2025-02-13 05:47:11,037 - INFO - Successfully processed KLAC
2025-02-13 05:47:11,350 - ERROR - Error calculating technical indicators: unsupported operand type(s) for -: 'float' and 'NoneType'
2025-02-13 05:47:11,558 - INFO - Successfully processed KHC
2025-02-13 05:47:11,938 - ERROR - Error calculating technical indicators: unsupported operand type(s) for -: 'float' and 'NoneType'
2025-02-13 05:47:12,206 - INFO - Successfully processed LRCX
2025-02-13 05:47:12,554 - ERROR - Error calculating technical indicators: unsupported operand type(s) for -: 'float' and 'NoneType'
2025-02-13 05:47:12,869 - INFO - Successfully processed LIN
2025-02-13 05:47:13,286 - ERROR - Error calculating technical indicators: unsupported operand type(s) for -: 'float' and 'NoneType'
2025-02-13 05:47:13,448 - INFO - Successfully processed LULU
2025-02-13 05:47:13,787 - ERROR - Error calculating technical indicators: unsupported operand type(s) for -: 'float' and 'NoneType'
2025-02-13 05:47:13,874 - INFO - Successfully processed MAR
2025-02-13 05:47:14,252 - ERROR - Error calculating technical indicators: unsupported operand type(s) for -: 'float' and 'NoneType'
2025-02-13 05:47:14,474 - INFO - Successfully processed MRVL
2025-02-13 05:47:14,790 - ERROR - Error calculating technical indicators: unsupported operand type(s) for -: 'float' and 'NoneType'
2025-02-13 05:47:14,879 - INFO - Successfully processed MELI
2025-02-13 05:47:15,183 - ERROR - Error calculating technical indicators: unsupported operand type(s) for -: 'float' and 'NoneType'
2025-02-13 05:47:15,327 - INFO - Successfully processed META
2025-02-13 05:47:15,653 - ERROR - Error calculating technical indicators: unsupported operand type(s) for -: 'float' and 'NoneType'
2025-02-13 05:47:15,885 - INFO - Successfully processed MCHP
2025-02-13 05:47:16,233 - ERROR - Error calculating technical indicators: unsupported operand type(s) for -: 'float' and 'NoneType'
2025-02-13 05:47:16,523 - INFO - Successfully processed MU
2025-02-13 05:47:16,916 - ERROR - Error calculating technical indicators: unsupported operand type(s) for -: 'float' and 'NoneType'
2025-02-13 05:47:17,020 - INFO - Successfully processed MSFT
2025-02-13 05:47:17,379 - ERROR - Error calculating technical indicators: unsupported operand type(s) for -: 'float' and 'NoneType'
2025-02-13 05:47:17,605 - INFO - Successfully processed MSTR
2025-02-13 05:47:17,942 - ERROR - Error calculating technical indicators: unsupported operand type(s) for -: 'float' and 'NoneType'
2025-02-13 05:47:18,033 - INFO - Successfully processed MDLZ
2025-02-13 05:47:18,337 - ERROR - Error calculating technical indicators: unsupported operand type(s) for -: 'float' and 'NoneType'
2025-02-13 05:47:18,667 - INFO - Successfully processed MDB
2025-02-13 05:47:18,977 - ERROR - Error calculating technical indicators: unsupported operand type(s) for -: 'float' and 'NoneType'
2025-02-13 05:47:19,066 - INFO - Successfully processed MNST
2025-02-13 05:47:19,527 - ERROR - Error calculating technical indicators: unsupported operand type(s) for -: 'float' and 'NoneType'
2025-02-13 05:47:19,615 - INFO - Successfully processed NFLX
2025-02-13 05:47:20,032 - ERROR - Error calculating technical indicators: unsupported operand type(s) for -: 'float' and 'NoneType'
2025-02-13 05:47:20,188 - INFO - Successfully processed NVDA
2025-02-13 05:47:20,733 - ERROR - Error calculating technical indicators: unsupported operand type(s) for -: 'float' and 'NoneType'
2025-02-13 05:47:20,971 - INFO - Successfully processed NXPI
2025-02-13 05:47:21,269 - ERROR - Error calculating technical indicators: unsupported operand type(s) for -: 'float' and 'NoneType'
2025-02-13 05:47:21,361 - INFO - Successfully processed ORLY
2025-02-13 05:47:21,681 - ERROR - Error calculating technical indicators: unsupported operand type(s) for -: 'float' and 'NoneType'
2025-02-13 05:47:21,742 - INFO - Successfully processed ODFL
2025-02-13 05:47:22,044 - ERROR - Error calculating technical indicators: unsupported operand type(s) for -: 'float' and 'NoneType'
2025-02-13 05:47:22,259 - INFO - Successfully processed ON
2025-02-13 05:47:22,608 - ERROR - Error calculating technical indicators: unsupported operand type(s) for -: 'float' and 'NoneType'
2025-02-13 05:47:22,815 - INFO - Successfully processed PCAR
2025-02-13 05:47:23,157 - ERROR - Error calculating technical indicators: unsupported operand type(s) for -: 'float' and 'NoneType'
2025-02-13 05:47:23,360 - INFO - Successfully processed PLTR
2025-02-13 05:47:23,654 - ERROR - Error calculating technical indicators: unsupported operand type(s) for -: 'float' and 'NoneType'
2025-02-13 05:47:23,743 - INFO - Successfully processed PANW
2025-02-13 05:47:24,151 - ERROR - Error calculating technical indicators: unsupported operand type(s) for -: 'float' and 'NoneType'
2025-02-13 05:47:24,239 - INFO - Successfully processed PAYX
2025-02-13 05:47:24,536 - ERROR - Error calculating technical indicators: unsupported operand type(s) for -: 'float' and 'NoneType'
2025-02-13 05:47:24,596 - INFO - Successfully processed PYPL
2025-02-13 05:47:24,899 - ERROR - Error calculating technical indicators: unsupported operand type(s) for -: 'float' and 'NoneType'
2025-02-13 05:47:25,068 - INFO - Successfully processed PDD
2025-02-13 05:47:25,450 - ERROR - Error calculating technical indicators: unsupported operand type(s) for -: 'float' and 'NoneType'
2025-02-13 05:47:25,616 - INFO - Successfully processed PEP
2025-02-13 05:47:25,950 - ERROR - Error calculating technical indicators: unsupported operand type(s) for -: 'float' and 'NoneType'
2025-02-13 05:47:26,040 - INFO - Successfully processed QCOM
2025-02-13 05:47:26,335 - ERROR - Error calculating technical indicators: unsupported operand type(s) for -: 'float' and 'NoneType'
2025-02-13 05:47:26,510 - INFO - Successfully processed REGN
2025-02-13 05:47:26,866 - ERROR - Error calculating technical indicators: unsupported operand type(s) for -: 'float' and 'NoneType'
2025-02-13 05:47:27,083 - INFO - Successfully processed ROP
2025-02-13 05:47:27,439 - ERROR - Error calculating technical indicators: unsupported operand type(s) for -: 'float' and 'NoneType'
2025-02-13 05:47:27,526 - INFO - Successfully processed ROST
2025-02-13 05:47:27,855 - ERROR - Error calculating technical indicators: unsupported operand type(s) for -: 'float' and 'NoneType'
2025-02-13 05:47:27,944 - INFO - Successfully processed SBUX
2025-02-13 05:47:28,248 - ERROR - Error calculating technical indicators: unsupported operand type(s) for -: 'float' and 'NoneType'
2025-02-13 05:47:28,494 - INFO - Successfully processed SNPS
2025-02-13 05:47:28,815 - ERROR - Error calculating technical indicators: unsupported operand type(s) for -: 'float' and 'NoneType'
2025-02-13 05:47:29,006 - INFO - Successfully processed TTWO
2025-02-13 05:47:29,379 - ERROR - Error calculating technical indicators: unsupported operand type(s) for -: 'float' and 'NoneType'
2025-02-13 05:47:29,474 - INFO - Successfully processed TMUS
2025-02-13 05:47:29,782 - ERROR - Error calculating technical indicators: unsupported operand type(s) for -: 'float' and 'NoneType'
2025-02-13 05:47:29,990 - INFO - Successfully processed TSLA
2025-02-13 05:47:30,429 - ERROR - Error calculating technical indicators: unsupported operand type(s) for -: 'float' and 'NoneType'
2025-02-13 05:47:30,605 - INFO - Successfully processed TXN
2025-02-13 05:47:30,906 - ERROR - Error calculating technical indicators: unsupported operand type(s) for -: 'float' and 'NoneType'
2025-02-13 05:47:30,993 - INFO - Successfully processed TTD
2025-02-13 05:47:31,362 - ERROR - Error calculating technical indicators: unsupported operand type(s) for -: 'float' and 'NoneType'
2025-02-13 05:47:31,421 - INFO - Successfully processed VRSK
2025-02-13 05:47:31,779 - ERROR - Error calculating technical indicators: unsupported operand type(s) for -: 'float' and 'NoneType'
2025-02-13 05:47:31,869 - INFO - Successfully processed VRTX
2025-02-13 05:47:32,243 - ERROR - Error calculating technical indicators: unsupported operand type(s) for -: 'float' and 'NoneType'
2025-02-13 05:47:32,332 - INFO - Successfully processed WBD
2025-02-13 05:47:32,694 - ERROR - Error calculating technical indicators: unsupported operand type(s) for -: 'float' and 'NoneType'
2025-02-13 05:47:32,789 - INFO - Successfully processed WDAY
2025-02-13 05:47:33,177 - ERROR - Error calculating technical indicators: unsupported operand type(s) for -: 'float' and 'NoneType'
2025-02-13 05:47:33,341 - INFO - Successfully processed XEL
2025-02-13 05:47:33,639 - ERROR - Error calculating technical indicators: unsupported operand type(s) for -: 'float' and 'NoneType'
2025-02-13 05:47:33,790 - INFO - Successfully processed ZS
2025-02-13 05:47:33,890 - INFO - Completed processing 101 out of 101 tickers
2025-02-13 05:47:33,893 - INFO - Extracted top 5 and bottom 5 movers
2025-02-13 05:47:33,895 - INFO - Successfully completed market data collection
2025-02-13 06:00:38,752 - INFO - Starting market data collection for 2025-02-13
2025-02-13 06:00:38,752 - INFO - Fetching NASDAQ-100 constituents from Wikipedia...
2025-02-13 06:00:39,006 - INFO - Successfully retrieved 101 tickers from table 4
2025-02-13 06:00:39,006 - INFO - Starting to fetch daily performance data...
2025-02-13 06:00:39,424 - ERROR - Error calculating technical indicators: unsupported operand type(s) for -: 'float' and 'NoneType'
2025-02-13 06:00:39,425 - INFO - Successfully processed ADBE
2025-02-13 06:00:39,723 - ERROR - Error calculating technical indicators: unsupported operand type(s) for -: 'float' and 'NoneType'
2025-02-13 06:00:39,724 - INFO - Successfully processed AMD
2025-02-13 06:00:40,087 - ERROR - Error calculating technical indicators: unsupported operand type(s) for -: 'float' and 'NoneType'
2025-02-13 06:00:40,231 - INFO - Successfully processed ABNB
2025-02-13 06:00:40,532 - ERROR - Error calculating technical indicators: unsupported operand type(s) for -: 'float' and 'NoneType'
2025-02-13 06:00:40,532 - INFO - Successfully processed GOOGL
2025-02-13 06:00:40,834 - ERROR - Error calculating technical indicators: unsupported operand type(s) for -: 'float' and 'NoneType'
2025-02-13 06:00:40,835 - INFO - Successfully processed GOOG
2025-02-13 06:00:41,135 - ERROR - Error calculating technical indicators: unsupported operand type(s) for -: 'float' and 'NoneType'
2025-02-13 06:00:41,135 - INFO - Successfully processed AMZN
2025-02-13 06:00:41,515 - ERROR - Error calculating technical indicators: unsupported operand type(s) for -: 'float' and 'NoneType'
2025-02-13 06:00:41,515 - INFO - Successfully processed AEP
2025-02-13 06:00:41,939 - ERROR - Error calculating technical indicators: unsupported operand type(s) for -: 'float' and 'NoneType'
2025-02-13 06:00:41,939 - INFO - Successfully processed AMGN
2025-02-13 06:00:42,265 - ERROR - Error calculating technical indicators: unsupported operand type(s) for -: 'float' and 'NoneType'
2025-02-13 06:00:42,266 - INFO - Successfully processed ADI
2025-02-13 06:00:42,569 - ERROR - Error calculating technical indicators: unsupported operand type(s) for -: 'float' and 'NoneType'
2025-02-13 06:00:42,699 - INFO - Successfully processed ANSS
2025-02-13 06:00:43,102 - ERROR - Error calculating technical indicators: unsupported operand type(s) for -: 'float' and 'NoneType'
2025-02-13 06:00:43,102 - INFO - Successfully processed AAPL
2025-02-13 06:00:43,435 - ERROR - Error calculating technical indicators: unsupported operand type(s) for -: 'float' and 'NoneType'
2025-02-13 06:00:43,436 - INFO - Successfully processed AMAT
2025-02-13 06:00:43,737 - ERROR - Error calculating technical indicators: unsupported operand type(s) for -: 'float' and 'NoneType'
2025-02-13 06:00:43,737 - INFO - Successfully processed APP
2025-02-13 06:00:44,141 - ERROR - Error calculating technical indicators: unsupported operand type(s) for -: 'float' and 'NoneType'
2025-02-13 06:00:44,142 - INFO - Successfully processed ARM
2025-02-13 06:00:44,470 - ERROR - Error calculating technical indicators: unsupported operand type(s) for -: 'float' and 'NoneType'
2025-02-13 06:00:44,471 - INFO - Successfully processed ASML
2025-02-13 06:00:44,797 - ERROR - Error calculating technical indicators: unsupported operand type(s) for -: 'float' and 'NoneType'
2025-02-13 06:00:44,927 - INFO - Successfully processed AZN
2025-02-13 06:00:45,230 - ERROR - Error calculating technical indicators: unsupported operand type(s) for -: 'float' and 'NoneType'
2025-02-13 06:00:45,230 - INFO - Successfully processed TEAM
2025-02-13 06:00:45,616 - ERROR - Error calculating technical indicators: unsupported operand type(s) for -: 'float' and 'NoneType'
2025-02-13 06:00:45,617 - INFO - Successfully processed ADSK
2025-02-13 06:00:46,026 - ERROR - Error calculating technical indicators: unsupported operand type(s) for -: 'float' and 'NoneType'
2025-02-13 06:00:46,026 - INFO - Successfully processed ADP
2025-02-13 06:00:46,332 - ERROR - Error calculating technical indicators: unsupported operand type(s) for -: 'float' and 'NoneType'
2025-02-13 06:00:46,332 - INFO - Successfully processed AXON
2025-02-13 06:00:46,675 - ERROR - Error calculating technical indicators: unsupported operand type(s) for -: 'float' and 'NoneType'
2025-02-13 06:00:46,675 - INFO - Successfully processed BKR
2025-02-13 06:00:46,970 - ERROR - Error calculating technical indicators: unsupported operand type(s) for -: 'float' and 'NoneType'
2025-02-13 06:00:47,095 - INFO - Successfully processed BIIB
2025-02-13 06:00:47,456 - ERROR - Error calculating technical indicators: unsupported operand type(s) for -: 'float' and 'NoneType'
2025-02-13 06:00:47,590 - INFO - Successfully processed BKNG
2025-02-13 06:00:47,922 - ERROR - Error calculating technical indicators: unsupported operand type(s) for -: 'float' and 'NoneType'
2025-02-13 06:00:47,922 - INFO - Successfully processed AVGO
2025-02-13 06:00:48,288 - ERROR - Error calculating technical indicators: unsupported operand type(s) for -: 'float' and 'NoneType'
2025-02-13 06:00:48,410 - INFO - Successfully processed CDNS
2025-02-13 06:00:48,717 - ERROR - Error calculating technical indicators: unsupported operand type(s) for -: 'float' and 'NoneType'
2025-02-13 06:00:48,717 - INFO - Successfully processed CDW
2025-02-13 06:00:49,014 - ERROR - Error calculating technical indicators: unsupported operand type(s) for -: 'float' and 'NoneType'
2025-02-13 06:00:49,015 - INFO - Successfully processed CHTR
2025-02-13 06:00:49,360 - ERROR - Error calculating technical indicators: unsupported operand type(s) for -: 'float' and 'NoneType'
2025-02-13 06:00:49,360 - INFO - Successfully processed CTAS
2025-02-13 06:00:49,676 - ERROR - Error calculating technical indicators: unsupported operand type(s) for -: 'float' and 'NoneType'
2025-02-13 06:00:49,676 - INFO - Successfully processed CSCO
2025-02-13 06:00:50,063 - ERROR - Error calculating technical indicators: unsupported operand type(s) for -: 'float' and 'NoneType'
2025-02-13 06:00:50,063 - INFO - Successfully processed CCEP
2025-02-13 06:00:50,472 - ERROR - Error calculating technical indicators: unsupported operand type(s) for -: 'float' and 'NoneType'
2025-02-13 06:00:50,472 - INFO - Successfully processed CTSH
2025-02-13 06:00:50,889 - ERROR - Error calculating technical indicators: unsupported operand type(s) for -: 'float' and 'NoneType'
2025-02-13 06:00:50,890 - INFO - Successfully processed CMCSA
2025-02-13 06:00:51,192 - ERROR - Error calculating technical indicators: unsupported operand type(s) for -: 'float' and 'NoneType'
2025-02-13 06:00:51,192 - INFO - Successfully processed CEG
2025-02-13 06:00:51,490 - ERROR - Error calculating technical indicators: unsupported operand type(s) for -: 'float' and 'NoneType'
2025-02-13 06:00:51,490 - INFO - Successfully processed CPRT
2025-02-13 06:00:51,784 - ERROR - Error calculating technical indicators: unsupported operand type(s) for -: 'float' and 'NoneType'
2025-02-13 06:00:52,247 - INFO - Successfully processed CSGP
2025-02-13 06:00:52,578 - ERROR - Error calculating technical indicators: unsupported operand type(s) for -: 'float' and 'NoneType'
2025-02-13 06:00:52,578 - INFO - Successfully processed COST
2025-02-13 06:00:52,882 - ERROR - Error calculating technical indicators: unsupported operand type(s) for -: 'float' and 'NoneType'
2025-02-13 06:00:52,882 - INFO - Successfully processed CRWD
2025-02-13 06:00:53,236 - ERROR - Error calculating technical indicators: unsupported operand type(s) for -: 'float' and 'NoneType'
2025-02-13 06:00:53,237 - INFO - Successfully processed CSX
2025-02-13 06:00:53,599 - ERROR - Error calculating technical indicators: unsupported operand type(s) for -: 'float' and 'NoneType'
2025-02-13 06:00:53,600 - INFO - Successfully processed DDOG
2025-02-13 06:00:53,898 - ERROR - Error calculating technical indicators: unsupported operand type(s) for -: 'float' and 'NoneType'
2025-02-13 06:00:54,027 - INFO - Successfully processed DXCM
2025-02-13 06:00:54,337 - ERROR - Error calculating technical indicators: unsupported operand type(s) for -: 'float' and 'NoneType'
2025-02-13 06:00:54,470 - INFO - Successfully processed FANG
2025-02-13 06:00:54,771 - ERROR - Error calculating technical indicators: unsupported operand type(s) for -: 'float' and 'NoneType'
2025-02-13 06:00:54,893 - INFO - Successfully processed DASH
2025-02-13 06:00:55,218 - ERROR - Error calculating technical indicators: unsupported operand type(s) for -: 'float' and 'NoneType'
2025-02-13 06:00:55,219 - INFO - Successfully processed EA
2025-02-13 06:00:55,600 - ERROR - Error calculating technical indicators: unsupported operand type(s) for -: 'float' and 'NoneType'
2025-02-13 06:00:55,600 - INFO - Successfully processed EXC
2025-02-13 06:00:55,948 - ERROR - Error calculating technical indicators: unsupported operand type(s) for -: 'float' and 'NoneType'
2025-02-13 06:00:55,948 - INFO - Successfully processed FAST
2025-02-13 06:00:56,252 - ERROR - Error calculating technical indicators: unsupported operand type(s) for -: 'float' and 'NoneType'
2025-02-13 06:00:56,252 - INFO - Successfully processed FTNT
2025-02-13 06:00:56,637 - ERROR - Error calculating technical indicators: unsupported operand type(s) for -: 'float' and 'NoneType'
2025-02-13 06:00:56,638 - INFO - Successfully processed GEHC
2025-02-13 06:00:56,950 - ERROR - Error calculating technical indicators: unsupported operand type(s) for -: 'float' and 'NoneType'
2025-02-13 06:00:57,071 - INFO - Successfully processed GILD
2025-02-13 06:00:57,370 - ERROR - Error calculating technical indicators: unsupported operand type(s) for -: 'float' and 'NoneType'
2025-02-13 06:00:57,500 - INFO - Successfully processed GFS
2025-02-13 06:00:57,905 - ERROR - Error calculating technical indicators: unsupported operand type(s) for -: 'float' and 'NoneType'
2025-02-13 06:00:57,905 - INFO - Successfully processed HON
2025-02-13 06:00:58,259 - ERROR - Error calculating technical indicators: unsupported operand type(s) for -: 'float' and 'NoneType'
2025-02-13 06:00:58,259 - INFO - Successfully processed IDXX
2025-02-13 06:00:58,746 - ERROR - Error calculating technical indicators: unsupported operand type(s) for -: 'float' and 'NoneType'
2025-02-13 06:00:58,878 - INFO - Successfully processed INTC
2025-02-13 06:00:59,191 - ERROR - Error calculating technical indicators: unsupported operand type(s) for -: 'float' and 'NoneType'
2025-02-13 06:00:59,192 - INFO - Successfully processed INTU
2025-02-13 06:00:59,558 - ERROR - Error calculating technical indicators: unsupported operand type(s) for -: 'float' and 'NoneType'
2025-02-13 06:00:59,559 - INFO - Successfully processed ISRG
2025-02-13 06:00:59,882 - ERROR - Error calculating technical indicators: unsupported operand type(s) for -: 'float' and 'NoneType'
2025-02-13 06:00:59,882 - INFO - Successfully processed KDP
2025-02-13 06:01:00,206 - ERROR - Error calculating technical indicators: unsupported operand type(s) for -: 'float' and 'NoneType'
2025-02-13 06:01:00,207 - INFO - Successfully processed KLAC
2025-02-13 06:01:00,579 - ERROR - Error calculating technical indicators: unsupported operand type(s) for -: 'float' and 'NoneType'
2025-02-13 06:01:00,700 - INFO - Successfully processed KHC
2025-02-13 06:01:01,013 - ERROR - Error calculating technical indicators: unsupported operand type(s) for -: 'float' and 'NoneType'
2025-02-13 06:01:01,145 - INFO - Successfully processed LRCX
2025-02-13 06:01:01,522 - ERROR - Error calculating technical indicators: unsupported operand type(s) for -: 'float' and 'NoneType'
2025-02-13 06:01:01,522 - INFO - Successfully processed LIN
2025-02-13 06:01:01,893 - ERROR - Error calculating technical indicators: unsupported operand type(s) for -: 'float' and 'NoneType'
2025-02-13 06:01:01,894 - INFO - Successfully processed LULU
2025-02-13 06:01:02,224 - ERROR - Error calculating technical indicators: unsupported operand type(s) for -: 'float' and 'NoneType'
2025-02-13 06:01:02,224 - INFO - Successfully processed MAR
2025-02-13 06:01:02,585 - ERROR - Error calculating technical indicators: unsupported operand type(s) for -: 'float' and 'NoneType'
2025-02-13 06:01:02,724 - INFO - Successfully processed MRVL
2025-02-13 06:01:03,035 - ERROR - Error calculating technical indicators: unsupported operand type(s) for -: 'float' and 'NoneType'
2025-02-13 06:01:03,035 - INFO - Successfully processed MELI
2025-02-13 06:01:03,400 - ERROR - Error calculating technical indicators: unsupported operand type(s) for -: 'float' and 'NoneType'
2025-02-13 06:01:03,401 - INFO - Successfully processed META
2025-02-13 06:01:03,796 - ERROR - Error calculating technical indicators: unsupported operand type(s) for -: 'float' and 'NoneType'
2025-02-13 06:01:03,930 - INFO - Successfully processed MCHP
2025-02-13 06:01:04,273 - ERROR - Error calculating technical indicators: unsupported operand type(s) for -: 'float' and 'NoneType'
2025-02-13 06:01:04,403 - INFO - Successfully processed MU
2025-02-13 06:01:04,725 - ERROR - Error calculating technical indicators: unsupported operand type(s) for -: 'float' and 'NoneType'
2025-02-13 06:01:04,725 - INFO - Successfully processed MSFT
2025-02-13 06:01:05,024 - ERROR - Error calculating technical indicators: unsupported operand type(s) for -: 'float' and 'NoneType'
2025-02-13 06:01:05,226 - INFO - Successfully processed MSTR
2025-02-13 06:01:05,567 - ERROR - Error calculating technical indicators: unsupported operand type(s) for -: 'float' and 'NoneType'
2025-02-13 06:01:05,567 - INFO - Successfully processed MDLZ
2025-02-13 06:01:05,876 - ERROR - Error calculating technical indicators: unsupported operand type(s) for -: 'float' and 'NoneType'
2025-02-13 06:01:06,008 - INFO - Successfully processed MDB
2025-02-13 06:01:06,310 - ERROR - Error calculating technical indicators: unsupported operand type(s) for -: 'float' and 'NoneType'
2025-02-13 06:01:06,311 - INFO - Successfully processed MNST
2025-02-13 06:01:06,685 - ERROR - Error calculating technical indicators: unsupported operand type(s) for -: 'float' and 'NoneType'
2025-02-13 06:01:06,686 - INFO - Successfully processed NFLX
2025-02-13 06:01:06,998 - ERROR - Error calculating technical indicators: unsupported operand type(s) for -: 'float' and 'NoneType'
2025-02-13 06:01:06,998 - INFO - Successfully processed NVDA
2025-02-13 06:01:07,316 - ERROR - Error calculating technical indicators: unsupported operand type(s) for -: 'float' and 'NoneType'
2025-02-13 06:01:07,445 - INFO - Successfully processed NXPI
2025-02-13 06:01:07,744 - ERROR - Error calculating technical indicators: unsupported operand type(s) for -: 'float' and 'NoneType'
2025-02-13 06:01:07,745 - INFO - Successfully processed ORLY
2025-02-13 06:01:08,063 - ERROR - Error calculating technical indicators: unsupported operand type(s) for -: 'float' and 'NoneType'
2025-02-13 06:01:08,063 - INFO - Successfully processed ODFL
2025-02-13 06:01:08,371 - ERROR - Error calculating technical indicators: unsupported operand type(s) for -: 'float' and 'NoneType'
2025-02-13 06:01:08,534 - INFO - Successfully processed ON
2025-02-13 06:01:08,878 - ERROR - Error calculating technical indicators: unsupported operand type(s) for -: 'float' and 'NoneType'
2025-02-13 06:01:09,017 - INFO - Successfully processed PCAR
2025-02-13 06:01:09,321 - ERROR - Error calculating technical indicators: unsupported operand type(s) for -: 'float' and 'NoneType'
2025-02-13 06:01:09,513 - INFO - Successfully processed PLTR
2025-02-13 06:01:09,815 - ERROR - Error calculating technical indicators: unsupported operand type(s) for -: 'float' and 'NoneType'
2025-02-13 06:01:09,815 - INFO - Successfully processed PANW
2025-02-13 06:01:10,193 - ERROR - Error calculating technical indicators: unsupported operand type(s) for -: 'float' and 'NoneType'
2025-02-13 06:01:10,193 - INFO - Successfully processed PAYX
2025-02-13 06:01:10,496 - ERROR - Error calculating technical indicators: unsupported operand type(s) for -: 'float' and 'NoneType'
2025-02-13 06:01:10,496 - INFO - Successfully processed PYPL
2025-02-13 06:01:10,794 - ERROR - Error calculating technical indicators: unsupported operand type(s) for -: 'float' and 'NoneType'
2025-02-13 06:01:10,795 - INFO - Successfully processed PDD
2025-02-13 06:01:11,245 - ERROR - Error calculating technical indicators: unsupported operand type(s) for -: 'float' and 'NoneType'
2025-02-13 06:01:11,245 - INFO - Successfully processed PEP
2025-02-13 06:01:11,572 - ERROR - Error calculating technical indicators: unsupported operand type(s) for -: 'float' and 'NoneType'
2025-02-13 06:01:11,573 - INFO - Successfully processed QCOM
2025-02-13 06:01:11,873 - ERROR - Error calculating technical indicators: unsupported operand type(s) for -: 'float' and 'NoneType'
2025-02-13 06:01:11,874 - INFO - Successfully processed REGN
2025-02-13 06:01:12,228 - ERROR - Error calculating technical indicators: unsupported operand type(s) for -: 'float' and 'NoneType'
2025-02-13 06:01:12,381 - INFO - Successfully processed ROP
2025-02-13 06:01:12,727 - ERROR - Error calculating technical indicators: unsupported operand type(s) for -: 'float' and 'NoneType'
2025-02-13 06:01:12,727 - INFO - Successfully processed ROST
2025-02-13 06:01:13,110 - ERROR - Error calculating technical indicators: unsupported operand type(s) for -: 'float' and 'NoneType'
2025-02-13 06:01:13,110 - INFO - Successfully processed SBUX
2025-02-13 06:01:13,414 - ERROR - Error calculating technical indicators: unsupported operand type(s) for -: 'float' and 'NoneType'
2025-02-13 06:01:13,541 - INFO - Successfully processed SNPS
2025-02-13 06:01:13,844 - ERROR - Error calculating technical indicators: unsupported operand type(s) for -: 'float' and 'NoneType'
2025-02-13 06:01:13,844 - INFO - Successfully processed TTWO
2025-02-13 06:01:14,166 - ERROR - Error calculating technical indicators: unsupported operand type(s) for -: 'float' and 'NoneType'
2025-02-13 06:01:14,166 - INFO - Successfully processed TMUS
2025-02-13 06:01:14,469 - ERROR - Error calculating technical indicators: unsupported operand type(s) for -: 'float' and 'NoneType'
2025-02-13 06:01:14,598 - INFO - Successfully processed TSLA
2025-02-13 06:01:14,966 - ERROR - Error calculating technical indicators: unsupported operand type(s) for -: 'float' and 'NoneType'
2025-02-13 06:01:14,966 - INFO - Successfully processed TXN
2025-02-13 06:01:15,336 - ERROR - Error calculating technical indicators: unsupported operand type(s) for -: 'float' and 'NoneType'
2025-02-13 06:01:15,336 - INFO - Successfully processed TTD
2025-02-13 06:01:15,654 - ERROR - Error calculating technical indicators: unsupported operand type(s) for -: 'float' and 'NoneType'
2025-02-13 06:01:15,654 - INFO - Successfully processed VRSK
2025-02-13 06:01:15,960 - ERROR - Error calculating technical indicators: unsupported operand type(s) for -: 'float' and 'NoneType'
2025-02-13 06:01:15,961 - INFO - Successfully processed VRTX
2025-02-13 06:01:16,277 - ERROR - Error calculating technical indicators: unsupported operand type(s) for -: 'float' and 'NoneType'
2025-02-13 06:01:16,277 - INFO - Successfully processed WBD
2025-02-13 06:01:16,638 - ERROR - Error calculating technical indicators: unsupported operand type(s) for -: 'float' and 'NoneType'
2025-02-13 06:01:16,638 - INFO - Successfully processed WDAY
2025-02-13 06:01:17,008 - ERROR - Error calculating technical indicators: unsupported operand type(s) for -: 'float' and 'NoneType'
2025-02-13 06:01:17,008 - INFO - Successfully processed XEL
2025-02-13 06:01:17,315 - ERROR - Error calculating technical indicators: unsupported operand type(s) for -: 'float' and 'NoneType'
2025-02-13 06:01:17,315 - INFO - Successfully processed ZS
2025-02-13 06:01:17,415 - INFO - Completed processing 101 out of 101 tickers
2025-02-13 06:01:17,418 - INFO - Extracted top 5 and bottom 5 movers
2025-02-13 06:01:17,420 - INFO - Successfully completed market data collection
2025-02-13 06:04:52,558 - INFO - Starting market data collection for 2025-02-13
2025-02-13 06:04:52,558 - INFO - Fetching NASDAQ-100 constituents from Wikipedia...
2025-02-13 06:04:52,733 - INFO - Successfully retrieved 101 tickers from table 4
2025-02-13 06:04:52,733 - INFO - Starting to fetch daily performance data...
2025-02-13 06:04:53,164 - INFO - Successfully processed ADBE
2025-02-13 06:04:53,473 - INFO - Successfully processed AMD
2025-02-13 06:04:53,981 - INFO - Successfully processed ABNB
2025-02-13 06:04:54,293 - INFO - Successfully processed GOOGL
2025-02-13 06:04:54,617 - INFO - Successfully processed GOOG
2025-02-13 06:04:54,921 - INFO - Successfully processed AMZN
2025-02-13 06:04:55,289 - INFO - Successfully processed AEP
2025-02-13 06:04:55,618 - INFO - Successfully processed AMGN
2025-02-13 06:04:55,947 - INFO - Successfully processed ADI
2025-02-13 06:04:56,382 - INFO - Successfully processed ANSS
2025-02-13 06:04:56,742 - INFO - Successfully processed AAPL
2025-02-13 06:04:57,158 - INFO - Successfully processed AMAT
2025-02-13 06:04:57,473 - INFO - Successfully processed APP
2025-02-13 06:04:57,777 - INFO - Successfully processed ARM
2025-02-13 06:04:58,106 - INFO - Successfully processed ASML
2025-02-13 06:04:58,614 - INFO - Successfully processed AZN
2025-02-13 06:04:58,913 - INFO - Successfully processed TEAM
2025-02-13 06:04:59,250 - INFO - Successfully processed ADSK
2025-02-13 06:04:59,613 - INFO - Successfully processed ADP
2025-02-13 06:04:59,912 - INFO - Successfully processed AXON
2025-02-13 06:05:00,354 - INFO - Successfully processed BKR
2025-02-13 06:05:00,798 - INFO - Successfully processed BIIB
2025-02-13 06:05:01,233 - INFO - Successfully processed BKNG
2025-02-13 06:05:01,572 - INFO - Successfully processed AVGO
2025-02-13 06:05:02,082 - INFO - Successfully processed CDNS
2025-02-13 06:05:02,391 - INFO - Successfully processed CDW
2025-02-13 06:05:02,698 - INFO - Successfully processed CHTR
2025-02-13 06:05:03,050 - INFO - Successfully processed CTAS
2025-02-13 06:05:03,373 - INFO - Successfully processed CSCO
2025-02-13 06:05:03,792 - INFO - Successfully processed CCEP
2025-02-13 06:05:04,114 - INFO - Successfully processed CTSH
2025-02-13 06:05:04,526 - INFO - Successfully processed CMCSA
2025-02-13 06:05:04,838 - INFO - Successfully processed CEG
2025-02-13 06:05:05,146 - INFO - Successfully processed CPRT
2025-02-13 06:05:05,573 - INFO - Successfully processed CSGP
2025-02-13 06:05:05,906 - INFO - Successfully processed COST
2025-02-13 06:05:06,208 - INFO - Successfully processed CRWD
2025-02-13 06:05:06,656 - INFO - Successfully processed CSX
2025-02-13 06:05:06,956 - INFO - Successfully processed DDOG
2025-02-13 06:05:07,383 - INFO - Successfully processed DXCM
2025-02-13 06:05:07,822 - INFO - Successfully processed FANG
2025-02-13 06:05:08,253 - INFO - Successfully processed DASH
2025-02-13 06:05:08,637 - INFO - Successfully processed EA
2025-02-13 06:05:09,007 - INFO - Successfully processed EXC
2025-02-13 06:05:09,361 - INFO - Successfully processed FAST
2025-02-13 06:05:09,737 - INFO - Successfully processed FTNT
2025-02-13 06:05:10,046 - INFO - Successfully processed GEHC
2025-02-13 06:05:10,529 - INFO - Successfully processed GILD
2025-02-13 06:05:10,968 - INFO - Successfully processed GFS
2025-02-13 06:05:11,425 - INFO - Successfully processed HON
2025-02-13 06:05:11,816 - INFO - Successfully processed IDXX
2025-02-13 06:05:12,283 - INFO - Successfully processed INTC
2025-02-13 06:05:12,600 - INFO - Successfully processed INTU
2025-02-13 06:05:12,964 - INFO - Successfully processed ISRG
2025-02-13 06:05:13,282 - INFO - Successfully processed KDP
2025-02-13 06:05:13,607 - INFO - Successfully processed KLAC
2025-02-13 06:05:14,059 - INFO - Successfully processed KHC
2025-02-13 06:05:14,655 - INFO - Successfully processed LRCX
2025-02-13 06:05:14,989 - INFO - Successfully processed LIN
2025-02-13 06:05:15,293 - INFO - Successfully processed LULU
2025-02-13 06:05:15,634 - INFO - Successfully processed MAR
2025-02-13 06:05:16,094 - INFO - Successfully processed MRVL
2025-02-13 06:05:16,414 - INFO - Successfully processed MELI
2025-02-13 06:05:16,724 - INFO - Successfully processed META
2025-02-13 06:05:17,194 - INFO - Successfully processed MCHP
2025-02-13 06:05:17,652 - INFO - Successfully processed MU
2025-02-13 06:05:17,977 - INFO - Successfully processed MSFT
2025-02-13 06:05:18,472 - INFO - Successfully processed MSTR
2025-02-13 06:05:18,876 - INFO - Successfully processed MDLZ
2025-02-13 06:05:19,388 - INFO - Successfully processed MDB
2025-02-13 06:05:19,690 - INFO - Successfully processed MNST
2025-02-13 06:05:20,028 - INFO - Successfully processed NFLX
2025-02-13 06:05:20,354 - INFO - Successfully processed NVDA
2025-02-13 06:05:20,813 - INFO - Successfully processed NXPI
2025-02-13 06:05:21,113 - INFO - Successfully processed ORLY
2025-02-13 06:05:21,432 - INFO - Successfully processed ODFL
2025-02-13 06:05:21,859 - INFO - Successfully processed ON
2025-02-13 06:05:22,348 - INFO - Successfully processed PCAR
2025-02-13 06:05:22,787 - INFO - Successfully processed PLTR
2025-02-13 06:05:23,229 - INFO - Successfully processed PANW
2025-02-13 06:05:23,647 - INFO - Successfully processed PAYX
2025-02-13 06:05:23,981 - INFO - Successfully processed PYPL
2025-02-13 06:05:24,302 - INFO - Successfully processed PDD
2025-02-13 06:05:24,703 - INFO - Successfully processed PEP
2025-02-13 06:05:25,048 - INFO - Successfully processed QCOM
2025-02-13 06:05:25,401 - INFO - Successfully processed REGN
2025-02-13 06:05:25,869 - INFO - Successfully processed ROP
2025-02-13 06:05:26,211 - INFO - Successfully processed ROST
2025-02-13 06:05:26,542 - INFO - Successfully processed SBUX
2025-02-13 06:05:27,009 - INFO - Successfully processed SNPS
2025-02-13 06:05:27,315 - INFO - Successfully processed TTWO
2025-02-13 06:05:27,645 - INFO - Successfully processed TMUS
2025-02-13 06:05:28,104 - INFO - Successfully processed TSLA
2025-02-13 06:05:28,468 - INFO - Successfully processed TXN
2025-02-13 06:05:28,776 - INFO - Successfully processed TTD
2025-02-13 06:05:29,160 - INFO - Successfully processed VRSK
2025-02-13 06:05:29,464 - INFO - Successfully processed VRTX
2025-02-13 06:05:29,769 - INFO - Successfully processed WBD
2025-02-13 06:05:30,076 - INFO - Successfully processed WDAY
2025-02-13 06:05:30,446 - INFO - Successfully processed XEL
2025-02-13 06:05:30,776 - INFO - Successfully processed ZS
2025-02-13 06:05:30,876 - INFO - Completed processing 101 out of 101 tickers
2025-02-13 06:05:30,879 - INFO - Extracted top 5 and bottom 5 movers
2025-02-13 06:05:30,882 - INFO - Successfully completed market data collection
